<?xml version="1.0" encoding="UTF-8"?>
<!-- Generated by org.testng.reporters.JUnitReportReporter -->
<testsuite hostname="Prabhus-MacBook-Pro.local" failures="0" tests="2" name="com.automation.runners.TestRunner" time="26.500" errors="0" timestamp="2025-02-19T17:16:41 IST" skipped="0">
  <testcase classname="com.automation.runners.TestRunner" name="runScenario" time="13.988"/>
  <system-out/>
  <testcase classname="com.automation.runners.TestRunner" name="runScenario" time="12.512"/>
  <system-out/>
</testsuite> <!-- com.automation.runners.TestRunner -->
